TN:
SF:C:\Users\WeCanCodeIT\wcci\code\nfl-api\Frontend\src\js\utils\html\html.js
FN:1,(anonymous_0)
FN:6,(anonymous_1)
FN:12,(anonymous_2)
FN:18,(anonymous_3)
FN:23,(anonymous_4)
FN:31,(anonymous_5)
FN:39,(anonymous_6)
FN:48,(anonymous_7)
FN:52,(anonymous_8)
FN:56,(anonymous_9)
FN:60,(anonymous_10)
FN:67,(anonymous_11)
FN:79,(anonymous_12)
FNF:13
FNH:7
FNDA:11,(anonymous_0)
FNDA:1,(anonymous_1)
FNDA:0,(anonymous_2)
FNDA:11,(anonymous_3)
FNDA:2,(anonymous_4)
FNDA:2,(anonymous_5)
FNDA:0,(anonymous_6)
FNDA:0,(anonymous_7)
FNDA:0,(anonymous_8)
FNDA:10,(anonymous_9)
FNDA:0,(anonymous_10)
FNDA:0,(anonymous_11)
FNDA:3,(anonymous_12)
DA:2,11
DA:7,1
DA:9,1
DA:13,0
DA:15,0
DA:19,11
DA:20,11
DA:24,2
DA:25,1
DA:27,1
DA:28,1
DA:32,2
DA:33,1
DA:35,1
DA:36,1
DA:40,0
DA:41,0
DA:43,0
DA:45,0
DA:49,0
DA:53,0
DA:57,10
DA:61,0
DA:62,0
DA:64,0
DA:68,0
DA:70,0
DA:71,0
DA:73,0
DA:76,0
DA:80,3
DA:81,2
DA:83,1
DA:84,1
LF:34
LH:18
BRDA:24,0,0,1
BRDA:24,0,1,1
BRDA:32,1,0,1
BRDA:32,1,1,1
BRDA:40,2,0,0
BRDA:40,2,1,0
BRDA:70,3,0,0
BRDA:70,3,1,0
BRDA:80,4,0,2
BRDA:80,4,1,1
BRF:10
BRH:6
end_of_record
