TN:
SF:/Users/owner/Desktop/wcci/code/nfl-api/Frontend/src/js/utils/Html/Html.js
FN:1,(anonymous_0)
FN:6,(anonymous_1)
FN:12,(anonymous_2)
FN:18,(anonymous_3)
FN:23,(anonymous_4)
FN:31,(anonymous_5)
FN:39,(anonymous_6)
FN:48,(anonymous_7)
FN:52,(anonymous_8)
FN:56,(anonymous_9)
FN:60,(anonymous_10)
FN:67,(anonymous_11)
FN:79,(anonymous_12)
FNF:13
FNH:7
FNDA:33,(anonymous_0)
FNDA:3,(anonymous_1)
FNDA:0,(anonymous_2)
FNDA:33,(anonymous_3)
FNDA:6,(anonymous_4)
FNDA:6,(anonymous_5)
FNDA:0,(anonymous_6)
FNDA:0,(anonymous_7)
FNDA:0,(anonymous_8)
FNDA:30,(anonymous_9)
FNDA:0,(anonymous_10)
FNDA:0,(anonymous_11)
FNDA:9,(anonymous_12)
DA:2,33
DA:7,3
DA:9,3
DA:13,0
DA:15,0
DA:19,33
DA:20,33
DA:24,6
DA:25,3
DA:27,3
DA:28,3
DA:32,6
DA:33,3
DA:35,3
DA:36,3
DA:40,0
DA:41,0
DA:43,0
DA:45,0
DA:49,0
DA:53,0
DA:57,30
DA:61,0
DA:62,0
DA:64,0
DA:68,0
DA:70,0
DA:71,0
DA:73,0
DA:76,0
DA:80,9
DA:81,6
DA:83,3
DA:84,3
LF:34
LH:18
BRDA:24,0,0,3
BRDA:24,0,1,3
BRDA:32,1,0,3
BRDA:32,1,1,3
BRDA:40,2,0,0
BRDA:40,2,1,0
BRDA:70,3,0,0
BRDA:70,3,1,0
BRDA:80,4,0,6
BRDA:80,4,1,3
BRF:10
BRH:6
end_of_record
